<?xml version="1.0" encoding="UTF-8"?>
<robot generator="Robot 4.0.3 (Python 3.7.0 on win32)" generated="20210713 22:04:28.499" rpa="false" schemaversion="2">
<suite id="s1" name="Radio" source="C:\qaninja\robot\web\tests\radio.robot">
<test id="s1-t1" name="Selecionando por ID">
<kw name="Nova sessão" library="base" type="SETUP">
<kw name="Open Browser" library="SeleniumLibrary">
<arg>${url}</arg>
<arg>chrome</arg>
<doc>Opens a new browser instance to the optional ``url``.</doc>
<msg timestamp="20210713 22:04:28.760" level="INFO">Opening browser 'chrome' to base url 'https://training-wheels-protocol.herokuapp.com'.</msg>
<status status="PASS" starttime="20210713 22:04:28.759" endtime="20210713 22:04:33.520"/>
</kw>
<status status="PASS" starttime="20210713 22:04:28.759" endtime="20210713 22:04:33.520"/>
</kw>
<kw name="Go To" library="SeleniumLibrary">
<arg>${url}/radios</arg>
<doc>Navigates the current browser window to the provided ``url``.</doc>
<msg timestamp="20210713 22:04:33.521" level="INFO">Opening url 'https://training-wheels-protocol.herokuapp.com/radios'</msg>
<status status="PASS" starttime="20210713 22:04:33.521" endtime="20210713 22:04:34.276"/>
</kw>
<kw name="Select Radio Button" library="SeleniumLibrary">
<arg>movies</arg>
<arg>cap</arg>
<doc>Sets the radio button group ``group_name`` to ``value``.</doc>
<msg timestamp="20210713 22:04:34.276" level="INFO">Selecting 'cap' from radio button 'movies'.</msg>
<status status="PASS" starttime="20210713 22:04:34.276" endtime="20210713 22:04:34.329"/>
</kw>
<kw name="Radio Button Should Be Set To" library="SeleniumLibrary">
<arg>movies</arg>
<arg>cap</arg>
<doc>Verifies radio button group ``group_name`` is set to ``value``.</doc>
<msg timestamp="20210713 22:04:34.330" level="INFO">Verifying radio button 'movies' has selection 'cap'.</msg>
<status status="PASS" starttime="20210713 22:04:34.329" endtime="20210713 22:04:34.352"/>
</kw>
<kw name="Encerra sessão" library="base" type="TEARDOWN">
<kw name="Capture Page Screenshot" library="SeleniumLibrary">
<doc>Takes a screenshot of the current page and embeds it into a log file.</doc>
<msg timestamp="20210713 22:04:34.487" level="INFO" html="true">&lt;/td&gt;&lt;/tr&gt;&lt;tr&gt;&lt;td colspan="3"&gt;&lt;a href="selenium-screenshot-6.png"&gt;&lt;img src="selenium-screenshot-6.png" width="800px"&gt;&lt;/a&gt;</msg>
<status status="PASS" starttime="20210713 22:04:34.353" endtime="20210713 22:04:34.487"/>
</kw>
<kw name="Close Browser" library="SeleniumLibrary">
<doc>Closes the current browser.</doc>
<status status="PASS" starttime="20210713 22:04:34.487" endtime="20210713 22:04:36.598"/>
</kw>
<status status="PASS" starttime="20210713 22:04:34.352" endtime="20210713 22:04:36.598"/>
</kw>
<status status="PASS" starttime="20210713 22:04:28.758" endtime="20210713 22:04:36.599"/>
</test>
<test id="s1-t2" name="Selecionando por value">
<kw name="Nova sessão" library="base" type="SETUP">
<kw name="Open Browser" library="SeleniumLibrary">
<arg>${url}</arg>
<arg>chrome</arg>
<doc>Opens a new browser instance to the optional ``url``.</doc>
<msg timestamp="20210713 22:04:36.602" level="INFO">Opening browser 'chrome' to base url 'https://training-wheels-protocol.herokuapp.com'.</msg>
<status status="PASS" starttime="20210713 22:04:36.601" endtime="20210713 22:04:41.176"/>
</kw>
<status status="PASS" starttime="20210713 22:04:36.601" endtime="20210713 22:04:41.176"/>
</kw>
<kw name="Go To" library="SeleniumLibrary">
<arg>${url}/radios</arg>
<doc>Navigates the current browser window to the provided ``url``.</doc>
<msg timestamp="20210713 22:04:41.177" level="INFO">Opening url 'https://training-wheels-protocol.herokuapp.com/radios'</msg>
<status status="PASS" starttime="20210713 22:04:41.176" endtime="20210713 22:04:41.921"/>
</kw>
<kw name="Select Radio Button" library="SeleniumLibrary">
<arg>movies</arg>
<arg>guardians</arg>
<doc>Sets the radio button group ``group_name`` to ``value``.</doc>
<msg timestamp="20210713 22:04:41.922" level="INFO">Selecting 'guardians' from radio button 'movies'.</msg>
<status status="PASS" starttime="20210713 22:04:41.922" endtime="20210713 22:04:41.973"/>
</kw>
<kw name="Radio Button Should Be Set To" library="SeleniumLibrary">
<arg>movies</arg>
<arg>guardians</arg>
<doc>Verifies radio button group ``group_name`` is set to ``value``.</doc>
<msg timestamp="20210713 22:04:41.974" level="INFO">Verifying radio button 'movies' has selection 'guardians'.</msg>
<status status="PASS" starttime="20210713 22:04:41.974" endtime="20210713 22:04:42.023"/>
</kw>
<kw name="Encerra sessão" library="base" type="TEARDOWN">
<kw name="Capture Page Screenshot" library="SeleniumLibrary">
<doc>Takes a screenshot of the current page and embeds it into a log file.</doc>
<msg timestamp="20210713 22:04:42.172" level="INFO" html="true">&lt;/td&gt;&lt;/tr&gt;&lt;tr&gt;&lt;td colspan="3"&gt;&lt;a href="selenium-screenshot-7.png"&gt;&lt;img src="selenium-screenshot-7.png" width="800px"&gt;&lt;/a&gt;</msg>
<status status="PASS" starttime="20210713 22:04:42.024" endtime="20210713 22:04:42.172"/>
</kw>
<kw name="Close Browser" library="SeleniumLibrary">
<doc>Closes the current browser.</doc>
<status status="PASS" starttime="20210713 22:04:42.172" endtime="20210713 22:04:44.281"/>
</kw>
<status status="PASS" starttime="20210713 22:04:42.023" endtime="20210713 22:04:44.281"/>
</kw>
<status status="PASS" starttime="20210713 22:04:36.600" endtime="20210713 22:04:44.282"/>
</test>
<status status="PASS" starttime="20210713 22:04:28.501" endtime="20210713 22:04:44.284"/>
</suite>
<statistics>
<total>
<stat pass="2" fail="0" skip="0">All Tests</stat>
</total>
<tag>
</tag>
<suite>
<stat pass="2" fail="0" skip="0" id="s1" name="Radio">Radio</stat>
</suite>
</statistics>
<errors>
</errors>
</robot>
