<?xml version="1.0" encoding="UTF-8"?>
<robot generator="Robot 4.0.3 (Python 3.7.0 on win32)" generated="20210714 19:53:28.288" rpa="false" schemaversion="2">
<suite id="s1" name="Login Form" source="C:\qaninja\robot\web\tests\login_form.robot">
<test id="s1-t1" name="Login com sucesso">
<kw name="Nova sessão" library="base" type="SETUP">
<kw name="Open Browser" library="SeleniumLibrary">
<arg>${url}</arg>
<arg>chrome</arg>
<doc>Opens a new browser instance to the optional ``url``.</doc>
<msg timestamp="20210714 19:53:28.547" level="INFO">Opening browser 'chrome' to base url 'https://training-wheels-protocol.herokuapp.com'.</msg>
<status status="PASS" starttime="20210714 19:53:28.546" endtime="20210714 19:53:33.230"/>
</kw>
<status status="PASS" starttime="20210714 19:53:28.546" endtime="20210714 19:53:33.231"/>
</kw>
<kw name="Go To" library="SeleniumLibrary">
<arg>${url}/login</arg>
<doc>Navigates the current browser window to the provided ``url``.</doc>
<msg timestamp="20210714 19:53:33.231" level="INFO">Opening url 'https://training-wheels-protocol.herokuapp.com/login'</msg>
<status status="PASS" starttime="20210714 19:53:33.231" endtime="20210714 19:53:33.887"/>
</kw>
<kw name="Login With">
<arg>stark</arg>
<arg>jarvis!</arg>
<kw name="Input Text" library="SeleniumLibrary">
<arg>css:input[name=username]</arg>
<arg>${uname}</arg>
<doc>Types the given ``text`` into the text field identified by ``locator``.</doc>
<msg timestamp="20210714 19:53:33.889" level="INFO">Typing text 'stark' into text field 'css:input[name=username]'.</msg>
<status status="PASS" starttime="20210714 19:53:33.889" endtime="20210714 19:53:33.950"/>
</kw>
<kw name="Input Text" library="SeleniumLibrary">
<arg>css:input[name=password]</arg>
<arg>${pass}</arg>
<doc>Types the given ``text`` into the text field identified by ``locator``.</doc>
<msg timestamp="20210714 19:53:33.951" level="INFO">Typing text 'jarvis!' into text field 'css:input[name=password]'.</msg>
<status status="PASS" starttime="20210714 19:53:33.950" endtime="20210714 19:53:34.013"/>
</kw>
<kw name="Click Element" library="SeleniumLibrary">
<arg>class:btn-login</arg>
<doc>Click the element identified by ``locator``.</doc>
<msg timestamp="20210714 19:53:34.014" level="INFO">Clicking element 'class:btn-login'.</msg>
<status status="PASS" starttime="20210714 19:53:34.013" endtime="20210714 19:53:34.395"/>
</kw>
<status status="PASS" starttime="20210714 19:53:33.888" endtime="20210714 19:53:34.395"/>
</kw>
<kw name="Should See Logged User">
<arg>Tony Stark</arg>
<kw name="Page Should Contain" library="SeleniumLibrary">
<arg>Olá, ${logged_user}. Você acessou a área logada!</arg>
<doc>Verifies that current page contains ``text``.</doc>
<msg timestamp="20210714 19:53:34.410" level="INFO">Current page contains text 'Olá, Tony Stark. Você acessou a área logada!'.</msg>
<status status="PASS" starttime="20210714 19:53:34.396" endtime="20210714 19:53:34.410"/>
</kw>
<status status="PASS" starttime="20210714 19:53:34.396" endtime="20210714 19:53:34.410"/>
</kw>
<kw name="Encerra sessão" library="base" type="TEARDOWN">
<kw name="Capture Page Screenshot" library="SeleniumLibrary">
<doc>Takes a screenshot of the current page and embeds it into a log file.</doc>
<msg timestamp="20210714 19:53:34.659" level="INFO" html="true">&lt;/td&gt;&lt;/tr&gt;&lt;tr&gt;&lt;td colspan="3"&gt;&lt;a href="selenium-screenshot-41.png"&gt;&lt;img src="selenium-screenshot-41.png" width="800px"&gt;&lt;/a&gt;</msg>
<status status="PASS" starttime="20210714 19:53:34.411" endtime="20210714 19:53:34.659"/>
</kw>
<kw name="Close Browser" library="SeleniumLibrary">
<doc>Closes the current browser.</doc>
<status status="PASS" starttime="20210714 19:53:34.660" endtime="20210714 19:53:36.771"/>
</kw>
<status status="PASS" starttime="20210714 19:53:34.411" endtime="20210714 19:53:36.771"/>
</kw>
<status status="PASS" starttime="20210714 19:53:28.545" endtime="20210714 19:53:36.772"/>
</test>
<test id="s1-t2" name="Senha Inválida">
<kw name="Nova sessão" library="base" type="SETUP">
<kw name="Open Browser" library="SeleniumLibrary">
<arg>${url}</arg>
<arg>chrome</arg>
<doc>Opens a new browser instance to the optional ``url``.</doc>
<msg timestamp="20210714 19:53:36.775" level="INFO">Opening browser 'chrome' to base url 'https://training-wheels-protocol.herokuapp.com'.</msg>
<status status="PASS" starttime="20210714 19:53:36.775" endtime="20210714 19:53:41.451"/>
</kw>
<status status="PASS" starttime="20210714 19:53:36.774" endtime="20210714 19:53:41.452"/>
</kw>
<kw name="Go To" library="SeleniumLibrary">
<arg>${url}/login</arg>
<doc>Navigates the current browser window to the provided ``url``.</doc>
<msg timestamp="20210714 19:53:41.452" level="INFO">Opening url 'https://training-wheels-protocol.herokuapp.com/login'</msg>
<status status="PASS" starttime="20210714 19:53:41.452" endtime="20210714 19:53:42.110"/>
</kw>
<kw name="Login With">
<arg>stark</arg>
<arg>abc231</arg>
<kw name="Input Text" library="SeleniumLibrary">
<arg>css:input[name=username]</arg>
<arg>${uname}</arg>
<doc>Types the given ``text`` into the text field identified by ``locator``.</doc>
<msg timestamp="20210714 19:53:42.112" level="INFO">Typing text 'stark' into text field 'css:input[name=username]'.</msg>
<status status="PASS" starttime="20210714 19:53:42.111" endtime="20210714 19:53:42.178"/>
</kw>
<kw name="Input Text" library="SeleniumLibrary">
<arg>css:input[name=password]</arg>
<arg>${pass}</arg>
<doc>Types the given ``text`` into the text field identified by ``locator``.</doc>
<msg timestamp="20210714 19:53:42.179" level="INFO">Typing text 'abc231' into text field 'css:input[name=password]'.</msg>
<status status="PASS" starttime="20210714 19:53:42.178" endtime="20210714 19:53:42.246"/>
</kw>
<kw name="Click Element" library="SeleniumLibrary">
<arg>class:btn-login</arg>
<doc>Click the element identified by ``locator``.</doc>
<msg timestamp="20210714 19:53:42.246" level="INFO">Clicking element 'class:btn-login'.</msg>
<status status="PASS" starttime="20210714 19:53:42.246" endtime="20210714 19:53:42.631"/>
</kw>
<status status="PASS" starttime="20210714 19:53:42.111" endtime="20210714 19:53:42.631"/>
</kw>
<kw name="Should Contain Login Alert">
<arg>Senha é invalida!</arg>
<kw name="Get WebElement" library="SeleniumLibrary">
<var>${message}</var>
<arg>id:flash</arg>
<doc>Returns the first WebElement matching the given ``locator``.</doc>
<msg timestamp="20210714 19:53:42.642" level="INFO">${message} = &lt;selenium.webdriver.remote.webelement.WebElement (session="de2a819e785fbc0c051dd103107bd81c", element="04f07a6a-03cd-4be7-9b7e-75c55012e6a6")&gt;</msg>
<status status="PASS" starttime="20210714 19:53:42.631" endtime="20210714 19:53:42.642"/>
</kw>
<kw name="Should Contain" library="BuiltIn">
<arg>${message.text}</arg>
<arg>${expected_message}</arg>
<doc>Fails if ``container`` does not contain ``item`` one or more times.</doc>
<status status="PASS" starttime="20210714 19:53:42.643" endtime="20210714 19:53:42.655"/>
</kw>
<status status="PASS" starttime="20210714 19:53:42.631" endtime="20210714 19:53:42.655"/>
</kw>
<kw name="Encerra sessão" library="base" type="TEARDOWN">
<kw name="Capture Page Screenshot" library="SeleniumLibrary">
<doc>Takes a screenshot of the current page and embeds it into a log file.</doc>
<msg timestamp="20210714 19:53:42.842" level="INFO" html="true">&lt;/td&gt;&lt;/tr&gt;&lt;tr&gt;&lt;td colspan="3"&gt;&lt;a href="selenium-screenshot-42.png"&gt;&lt;img src="selenium-screenshot-42.png" width="800px"&gt;&lt;/a&gt;</msg>
<status status="PASS" starttime="20210714 19:53:42.656" endtime="20210714 19:53:42.842"/>
</kw>
<kw name="Close Browser" library="SeleniumLibrary">
<doc>Closes the current browser.</doc>
<status status="PASS" starttime="20210714 19:53:42.843" endtime="20210714 19:53:44.946"/>
</kw>
<status status="PASS" starttime="20210714 19:53:42.656" endtime="20210714 19:53:44.946"/>
</kw>
<tag>login_error</tag>
<status status="PASS" starttime="20210714 19:53:36.773" endtime="20210714 19:53:44.947"/>
</test>
<test id="s1-t3" name="Usuário não existe">
<kw name="Nova sessão" library="base" type="SETUP">
<kw name="Open Browser" library="SeleniumLibrary">
<arg>${url}</arg>
<arg>chrome</arg>
<doc>Opens a new browser instance to the optional ``url``.</doc>
<msg timestamp="20210714 19:53:44.950" level="INFO">Opening browser 'chrome' to base url 'https://training-wheels-protocol.herokuapp.com'.</msg>
<status status="PASS" starttime="20210714 19:53:44.950" endtime="20210714 19:53:49.546"/>
</kw>
<status status="PASS" starttime="20210714 19:53:44.949" endtime="20210714 19:53:49.546"/>
</kw>
<kw name="Go To" library="SeleniumLibrary">
<arg>${url}/login</arg>
<doc>Navigates the current browser window to the provided ``url``.</doc>
<msg timestamp="20210714 19:53:49.547" level="INFO">Opening url 'https://training-wheels-protocol.herokuapp.com/login'</msg>
<status status="PASS" starttime="20210714 19:53:49.547" endtime="20210714 19:53:50.202"/>
</kw>
<kw name="Login With">
<arg>teste</arg>
<arg>123456</arg>
<kw name="Input Text" library="SeleniumLibrary">
<arg>css:input[name=username]</arg>
<arg>${uname}</arg>
<doc>Types the given ``text`` into the text field identified by ``locator``.</doc>
<msg timestamp="20210714 19:53:50.203" level="INFO">Typing text 'teste' into text field 'css:input[name=username]'.</msg>
<status status="PASS" starttime="20210714 19:53:50.203" endtime="20210714 19:53:50.270"/>
</kw>
<kw name="Input Text" library="SeleniumLibrary">
<arg>css:input[name=password]</arg>
<arg>${pass}</arg>
<doc>Types the given ``text`` into the text field identified by ``locator``.</doc>
<msg timestamp="20210714 19:53:50.271" level="INFO">Typing text '123456' into text field 'css:input[name=password]'.</msg>
<status status="PASS" starttime="20210714 19:53:50.271" endtime="20210714 19:53:50.339"/>
</kw>
<kw name="Click Element" library="SeleniumLibrary">
<arg>class:btn-login</arg>
<doc>Click the element identified by ``locator``.</doc>
<msg timestamp="20210714 19:53:50.339" level="INFO">Clicking element 'class:btn-login'.</msg>
<status status="PASS" starttime="20210714 19:53:50.339" endtime="20210714 19:53:50.722"/>
</kw>
<status status="PASS" starttime="20210714 19:53:50.202" endtime="20210714 19:53:50.722"/>
</kw>
<kw name="Should Contain Login Alert">
<arg>O usuário informado não está cadastrado!</arg>
<kw name="Get WebElement" library="SeleniumLibrary">
<var>${message}</var>
<arg>id:flash</arg>
<doc>Returns the first WebElement matching the given ``locator``.</doc>
<msg timestamp="20210714 19:53:50.734" level="INFO">${message} = &lt;selenium.webdriver.remote.webelement.WebElement (session="bb21fae8545c107da4a26859b9709bae", element="e89d456b-d634-4a9f-9bcd-50275a7f1a12")&gt;</msg>
<status status="PASS" starttime="20210714 19:53:50.723" endtime="20210714 19:53:50.734"/>
</kw>
<kw name="Should Contain" library="BuiltIn">
<arg>${message.text}</arg>
<arg>${expected_message}</arg>
<doc>Fails if ``container`` does not contain ``item`` one or more times.</doc>
<status status="PASS" starttime="20210714 19:53:50.734" endtime="20210714 19:53:50.747"/>
</kw>
<status status="PASS" starttime="20210714 19:53:50.723" endtime="20210714 19:53:50.747"/>
</kw>
<kw name="Encerra sessão" library="base" type="TEARDOWN">
<kw name="Capture Page Screenshot" library="SeleniumLibrary">
<doc>Takes a screenshot of the current page and embeds it into a log file.</doc>
<msg timestamp="20210714 19:53:50.927" level="INFO" html="true">&lt;/td&gt;&lt;/tr&gt;&lt;tr&gt;&lt;td colspan="3"&gt;&lt;a href="selenium-screenshot-43.png"&gt;&lt;img src="selenium-screenshot-43.png" width="800px"&gt;&lt;/a&gt;</msg>
<status status="PASS" starttime="20210714 19:53:50.748" endtime="20210714 19:53:50.927"/>
</kw>
<kw name="Close Browser" library="SeleniumLibrary">
<doc>Closes the current browser.</doc>
<status status="PASS" starttime="20210714 19:53:50.927" endtime="20210714 19:53:53.031"/>
</kw>
<status status="PASS" starttime="20210714 19:53:50.748" endtime="20210714 19:53:53.031"/>
</kw>
<tag>login_user_404</tag>
<status status="PASS" starttime="20210714 19:53:44.948" endtime="20210714 19:53:53.033"/>
</test>
<status status="PASS" starttime="20210714 19:53:28.290" endtime="20210714 19:53:53.035"/>
</suite>
<statistics>
<total>
<stat pass="3" fail="0" skip="0">All Tests</stat>
</total>
<tag>
<stat pass="1" fail="0" skip="0">login_error</stat>
<stat pass="1" fail="0" skip="0">login_user_404</stat>
</tag>
<suite>
<stat pass="3" fail="0" skip="0" id="s1" name="Login Form">Login Form</stat>
</suite>
</statistics>
<errors>
</errors>
</robot>
